<?xml version="1.0" encoding="UTF-8"?>
<testng-results ignored="0" total="1" passed="1" failed="0" skipped="0">
  <reporter-output>
  </reporter-output>
  <suite started-at="2023-06-12T21:29:02 IST" name="Default suite" finished-at="2023-06-12T21:29:02 IST" duration-ms="53">
    <groups>
    </groups>
    <test started-at="2023-06-12T21:29:02 IST" name="Default test" finished-at="2023-06-12T21:29:02 IST" duration-ms="53">
      <class name="com.qa.test.testLoginPage">
        <test-method signature="checkLoginPageTitle()[pri:0, instance:com.qa.test.testLoginPage@53aac487]" started-at="2023-06-12T21:29:02 IST" name="checkLoginPageTitle" finished-at="2023-06-12T21:29:02 IST" duration-ms="9" status="PASS">
          <reporter-output>
          </reporter-output>
        </test-method> <!-- checkLoginPageTitle -->
      </class> <!-- com.qa.test.testLoginPage -->
    </test> <!-- Default test -->
  </suite> <!-- Default suite -->
</testng-results>
